0 verbose cli C:\Program Files\nodejs\node.exe C:\Program Files\nodejs\node_modules\npm\bin\npm-cli.js
1 info using npm@9.6.7
2 info using node@v18.17.1
3 timing npm:load:whichnode Completed in 6ms
4 timing config:load:defaults Completed in 4ms
5 timing config:load:file:C:\Program Files\nodejs\node_modules\npm\npmrc Completed in 3ms
6 timing config:load:builtin Completed in 4ms
7 timing config:load:cli Completed in 4ms
8 timing config:load:env Completed in 3ms
9 timing config:load:file:C:\Users\marco\Desktop\api-node\test\.npmrc Completed in 0ms
10 timing config:load:project Completed in 2ms
11 timing config:load:file:C:\Users\marco\.npmrc Completed in 2ms
12 timing config:load:user Completed in 2ms
13 timing config:load:file:C:\Program Files\nodejs\etc\npmrc Completed in 0ms
14 timing config:load:global Completed in 0ms
15 timing config:load:setEnvs Completed in 2ms
16 timing config:load Completed in 24ms
17 timing npm:load:configload Completed in 25ms
18 timing npm:load:mkdirpcache Completed in 0ms
19 timing npm:load:mkdirplogs Completed in 1ms
20 verbose title npm install
21 verbose argv "install"
22 timing npm:load:setTitle Completed in 2ms
23 timing config:load:flatten Completed in 4ms
24 timing npm:load:display Completed in 6ms
25 verbose logfile logs-max:10 dir:C:\Users\marco\Desktop\api-node\UsersmarcoAppDataRoamingnpm\_logs\2023-09-28T23_30_52_956Z-
26 verbose logfile C:\Users\marco\Desktop\api-node\UsersmarcoAppDataRoamingnpm\_logs\2023-09-28T23_30_52_956Z-debug-0.log
27 timing npm:load:logFile Completed in 20ms
28 timing npm:load:timers Completed in 0ms
29 timing npm:load:configScope Completed in 0ms
30 timing npm:load Completed in 60ms
31 timing arborist:ctor Completed in 1ms
32 timing arborist:ctor Completed in 0ms
33 silly logfile done cleaning log files
34 timing idealTree:init Completed in 25ms
35 timing idealTree:userRequests Completed in 1ms
36 silly idealTree buildDeps
37 silly fetch manifest react@latest
38 http fetch GET 200 https://registry.npmjs.org/react 1034ms (cache miss)
39 silly fetch manifest react-dom@latest
40 http fetch GET 200 https://registry.npmjs.org/react-dom 559ms (cache miss)
41 silly fetch manifest next@latest
42 http fetch GET 200 https://registry.npmjs.org/next 2824ms (cache miss)
43 silly fetch manifest @opentelemetry/api@^1.1.0
44 http fetch GET 200 https://registry.npmjs.org/@opentelemetry%2fapi 390ms (cache miss)
45 silly fetch manifest sass@^1.3.0
46 http fetch GET 200 https://registry.npmjs.org/sass 188ms (cache miss)
47 silly placeDep ROOT next@13.5.3 OK for: test@0.1.0 want: latest
48 silly placeDep ROOT react@18.2.0 OK for: next@13.5.3 want: ^18.2.0
49 silly placeDep ROOT react-dom@18.2.0 OK for: next@13.5.3 want: ^18.2.0
50 silly fetch manifest @next/env@13.5.3
51 silly fetch manifest @swc/helpers@0.5.2
52 silly fetch manifest busboy@1.6.0
53 silly fetch manifest caniuse-lite@^1.0.30001406
54 silly fetch manifest postcss@8.4.14
55 silly fetch manifest styled-jsx@5.1.1
56 silly fetch manifest watchpack@2.4.0
57 silly fetch manifest zod@3.21.4
58 silly fetch manifest @next/swc-darwin-arm64@13.5.3
59 silly fetch manifest @next/swc-darwin-x64@13.5.3
60 silly fetch manifest @next/swc-linux-arm64-gnu@13.5.3
61 silly fetch manifest @next/swc-linux-arm64-musl@13.5.3
62 silly fetch manifest @next/swc-linux-x64-gnu@13.5.3
63 silly fetch manifest @next/swc-linux-x64-musl@13.5.3
64 silly fetch manifest @next/swc-win32-arm64-msvc@13.5.3
65 silly fetch manifest @next/swc-win32-ia32-msvc@13.5.3
66 silly fetch manifest @next/swc-win32-x64-msvc@13.5.3
67 silly fetch manifest loose-envify@^1.1.0
68 silly fetch manifest scheduler@^0.23.0
69 http fetch GET 200 https://registry.npmjs.org/@swc%2fhelpers 415ms (cache miss)
70 http fetch GET 200 https://registry.npmjs.org/busboy 421ms (cache miss)
71 http fetch GET 200 https://registry.npmjs.org/watchpack 421ms (cache miss)
72 http fetch GET 200 https://registry.npmjs.org/styled-jsx 545ms (cache miss)
73 http fetch GET 200 https://registry.npmjs.org/loose-envify 555ms (cache miss)
74 http fetch GET 200 https://registry.npmjs.org/postcss 592ms (cache miss)
75 http fetch GET 200 https://registry.npmjs.org/zod 816ms (cache miss)
76 http fetch GET 200 https://registry.npmjs.org/@next%2fenv 1875ms (cache miss)
77 http fetch GET 200 https://registry.npmjs.org/caniuse-lite 2111ms (cache miss)
78 http fetch GET 200 https://registry.npmjs.org/@next%2fswc-win32-x64-msvc 2893ms (cache miss)
79 http fetch GET 200 https://registry.npmjs.org/@next%2fswc-linux-arm64-gnu 3065ms (cache miss)
80 http fetch GET 200 https://registry.npmjs.org/@next%2fswc-win32-ia32-msvc 3107ms (cache miss)
81 http fetch GET 200 https://registry.npmjs.org/@next%2fswc-win32-arm64-msvc 3134ms (cache miss)
82 http fetch GET 200 https://registry.npmjs.org/@next%2fswc-linux-arm64-musl 3187ms (cache miss)
83 http fetch GET 200 https://registry.npmjs.org/@next%2fswc-linux-x64-musl 3306ms (cache miss)
84 http fetch GET 200 https://registry.npmjs.org/@next%2fswc-darwin-x64 3446ms (cache miss)
85 http fetch GET 200 https://registry.npmjs.org/scheduler 3728ms (cache miss)
86 http fetch GET 200 https://registry.npmjs.org/@next%2fswc-darwin-arm64 3880ms (cache miss)
87 http fetch GET 200 https://registry.npmjs.org/@next%2fswc-linux-x64-gnu 3896ms (cache miss)
88 timing idealTree:#root Completed in 9275ms
89 silly fetch manifest react@^18.2.0
90 silly placeDep ROOT @next/env@13.5.3 OK for: next@13.5.3 want: 13.5.3
91 silly placeDep ROOT @next/swc-darwin-arm64@13.5.3 OK for: next@13.5.3 want: 13.5.3
92 silly placeDep ROOT @next/swc-darwin-x64@13.5.3 OK for: next@13.5.3 want: 13.5.3
93 silly placeDep ROOT @next/swc-linux-arm64-gnu@13.5.3 OK for: next@13.5.3 want: 13.5.3
94 silly placeDep ROOT @next/swc-linux-arm64-musl@13.5.3 OK for: next@13.5.3 want: 13.5.3
95 silly placeDep ROOT @next/swc-linux-x64-gnu@13.5.3 OK for: next@13.5.3 want: 13.5.3
96 silly placeDep ROOT @next/swc-linux-x64-musl@13.5.3 OK for: next@13.5.3 want: 13.5.3
97 silly placeDep ROOT @next/swc-win32-arm64-msvc@13.5.3 OK for: next@13.5.3 want: 13.5.3
98 silly placeDep ROOT @next/swc-win32-ia32-msvc@13.5.3 OK for: next@13.5.3 want: 13.5.3
99 silly placeDep ROOT @next/swc-win32-x64-msvc@13.5.3 OK for: next@13.5.3 want: 13.5.3
100 silly placeDep ROOT @swc/helpers@0.5.2 OK for: next@13.5.3 want: 0.5.2
101 silly fetch manifest tslib@^2.4.0
102 silly placeDep ROOT busboy@1.6.0 OK for: next@13.5.3 want: 1.6.0
103 silly fetch manifest streamsearch@^1.1.0
104 silly placeDep ROOT caniuse-lite@1.0.30001541 OK for: next@13.5.3 want: ^1.0.30001406
105 silly placeDep ROOT postcss@8.4.14 OK for: next@13.5.3 want: 8.4.14
106 silly fetch manifest nanoid@^3.3.4
107 silly fetch manifest picocolors@^1.0.0
108 silly fetch manifest source-map-js@^1.0.2
109 silly placeDep ROOT styled-jsx@5.1.1 OK for: next@13.5.3 want: 5.1.1
110 silly fetch manifest client-only@0.0.1
111 silly placeDep ROOT watchpack@2.4.0 OK for: next@13.5.3 want: 2.4.0
112 silly fetch manifest glob-to-regexp@^0.4.1
113 silly fetch manifest graceful-fs@^4.1.2
114 silly placeDep ROOT zod@3.21.4 OK for: next@13.5.3 want: 3.21.4
115 http fetch GET 200 https://registry.npmjs.org/picocolors 166ms (cache miss)
116 http fetch GET 200 https://registry.npmjs.org/streamsearch 173ms (cache miss)
117 http fetch GET 200 https://registry.npmjs.org/graceful-fs 173ms (cache miss)
118 http fetch GET 200 https://registry.npmjs.org/client-only 180ms (cache miss)
119 http fetch GET 200 https://registry.npmjs.org/source-map-js 186ms (cache miss)
120 http fetch GET 200 https://registry.npmjs.org/glob-to-regexp 181ms (cache miss)
121 http fetch GET 200 https://registry.npmjs.org/tslib 202ms (cache miss)
122 http fetch GET 200 https://registry.npmjs.org/nanoid 259ms (cache miss)
123 timing idealTree:node_modules/next Completed in 321ms
124 timing idealTree:node_modules/@next/env Completed in 0ms
125 timing idealTree:node_modules/@next/swc-darwin-arm64 Completed in 1ms
126 timing idealTree:node_modules/@next/swc-darwin-x64 Completed in 0ms
127 timing idealTree:node_modules/@next/swc-linux-arm64-gnu Completed in 0ms
128 timing idealTree:node_modules/@next/swc-linux-arm64-musl Completed in 0ms
129 timing idealTree:node_modules/@next/swc-linux-x64-gnu Completed in 0ms
130 timing idealTree:node_modules/@next/swc-linux-x64-musl Completed in 0ms
131 timing idealTree:node_modules/@next/swc-win32-arm64-msvc Completed in 0ms
132 timing idealTree:node_modules/@next/swc-win32-ia32-msvc Completed in 0ms
133 timing idealTree:node_modules/@next/swc-win32-x64-msvc Completed in 0ms
134 silly placeDep ROOT tslib@2.6.2 OK for: @swc/helpers@0.5.2 want: ^2.4.0
135 timing idealTree:node_modules/@swc/helpers Completed in 4ms
136 silly placeDep ROOT streamsearch@1.1.0 OK for: busboy@1.6.0 want: ^1.1.0
137 timing idealTree:node_modules/busboy Completed in 2ms
138 timing idealTree:node_modules/caniuse-lite Completed in 0ms
139 silly placeDep ROOT nanoid@3.3.6 OK for: postcss@8.4.14 want: ^3.3.4
140 silly placeDep ROOT picocolors@1.0.0 OK for: postcss@8.4.14 want: ^1.0.0
141 silly placeDep ROOT source-map-js@1.0.2 OK for: postcss@8.4.14 want: ^1.0.2
142 timing idealTree:node_modules/postcss Completed in 5ms
143 timing idealTree:node_modules/nanoid Completed in 0ms
144 timing idealTree:node_modules/picocolors Completed in 0ms
145 silly placeDep ROOT loose-envify@1.4.0 OK for: react@18.2.0 want: ^1.1.0
146 silly fetch manifest js-tokens@^3.0.0 || ^4.0.0
147 http fetch GET 200 https://registry.npmjs.org/js-tokens 138ms (cache miss)
148 timing idealTree:node_modules/react Completed in 143ms
149 silly placeDep ROOT js-tokens@4.0.0 OK for: loose-envify@1.4.0 want: ^3.0.0 || ^4.0.0
150 timing idealTree:node_modules/loose-envify Completed in 1ms
151 timing idealTree:node_modules/js-tokens Completed in 0ms
152 silly placeDep ROOT scheduler@0.23.0 OK for: react-dom@18.2.0 want: ^0.23.0
153 timing idealTree:node_modules/react-dom Completed in 3ms
154 timing idealTree:node_modules/scheduler Completed in 0ms
155 timing idealTree:node_modules/source-map-js Completed in 0ms
156 timing idealTree:node_modules/streamsearch Completed in 0ms
157 silly placeDep ROOT client-only@0.0.1 OK for: styled-jsx@5.1.1 want: 0.0.1
158 timing idealTree:node_modules/styled-jsx Completed in 1ms
159 timing idealTree:node_modules/client-only Completed in 0ms
160 timing idealTree:node_modules/tslib Completed in 0ms
161 silly placeDep ROOT glob-to-regexp@0.4.1 OK for: watchpack@2.4.0 want: ^0.4.1
162 silly placeDep ROOT graceful-fs@4.2.11 OK for: watchpack@2.4.0 want: ^4.1.2
163 timing idealTree:node_modules/watchpack Completed in 3ms
164 timing idealTree:node_modules/glob-to-regexp Completed in 0ms
165 timing idealTree:node_modules/graceful-fs Completed in 0ms
166 timing idealTree:node_modules/zod Completed in 0ms
167 timing idealTree:buildDeps Completed in 9767ms
168 timing idealTree:fixDepFlags Completed in 1ms
169 timing idealTree Completed in 9797ms
170 timing reify:loadTrees Completed in 9798ms
171 timing reify:diffTrees Completed in 2ms
172 silly reify moves {}
173 timing reify:retireShallow Completed in 1ms
174 timing reify:createSparse Completed in 14ms
175 timing reify:loadBundles Completed in 0ms
176 silly audit bulk request {
176 silly audit   next: [ '13.5.3' ],
176 silly audit   react: [ '18.2.0' ],
176 silly audit   'react-dom': [ '18.2.0' ],
176 silly audit   '@next/env': [ '13.5.3' ],
176 silly audit   '@next/swc-darwin-arm64': [ '13.5.3' ],
176 silly audit   '@next/swc-darwin-x64': [ '13.5.3' ],
176 silly audit   '@next/swc-linux-arm64-gnu': [ '13.5.3' ],
176 silly audit   '@next/swc-linux-arm64-musl': [ '13.5.3' ],
176 silly audit   '@next/swc-linux-x64-gnu': [ '13.5.3' ],
176 silly audit   '@next/swc-linux-x64-musl': [ '13.5.3' ],
176 silly audit   '@next/swc-win32-arm64-msvc': [ '13.5.3' ],
176 silly audit   '@next/swc-win32-ia32-msvc': [ '13.5.3' ],
176 silly audit   '@next/swc-win32-x64-msvc': [ '13.5.3' ],
176 silly audit   '@swc/helpers': [ '0.5.2' ],
176 silly audit   busboy: [ '1.6.0' ],
176 silly audit   'caniuse-lite': [ '1.0.30001541' ],
176 silly audit   postcss: [ '8.4.14' ],
176 silly audit   'styled-jsx': [ '5.1.1' ],
176 silly audit   watchpack: [ '2.4.0' ],
176 silly audit   zod: [ '3.21.4' ],
176 silly audit   tslib: [ '2.6.2' ],
176 silly audit   streamsearch: [ '1.1.0' ],
176 silly audit   nanoid: [ '3.3.6' ],
176 silly audit   picocolors: [ '1.0.0' ],
176 silly audit   'source-map-js': [ '1.0.2' ],
176 silly audit   'loose-envify': [ '1.4.0' ],
176 silly audit   'js-tokens': [ '4.0.0' ],
176 silly audit   scheduler: [ '0.23.0' ],
176 silly audit   'client-only': [ '0.0.1' ],
176 silly audit   'glob-to-regexp': [ '0.4.1' ],
176 silly audit   'graceful-fs': [ '4.2.11' ]
176 silly audit }
177 verbose reify failed optional dependency C:\Users\marco\Desktop\api-node\test\node_modules\@next\swc-win32-ia32-msvc
178 silly reify mark deleted [
178 silly reify   'C:\\Users\\marco\\Desktop\\api-node\\test\\node_modules\\@next\\swc-win32-ia32-msvc'
178 silly reify ]
179 verbose reify failed optional dependency C:\Users\marco\Desktop\api-node\test\node_modules\@next\swc-win32-arm64-msvc
180 silly reify mark deleted [
180 silly reify   'C:\\Users\\marco\\Desktop\\api-node\\test\\node_modules\\@next\\swc-win32-arm64-msvc'
180 silly reify ]
181 verbose reify failed optional dependency C:\Users\marco\Desktop\api-node\test\node_modules\@next\swc-linux-x64-musl
182 silly reify mark deleted [
182 silly reify   'C:\\Users\\marco\\Desktop\\api-node\\test\\node_modules\\@next\\swc-linux-x64-musl'
182 silly reify ]
183 verbose reify failed optional dependency C:\Users\marco\Desktop\api-node\test\node_modules\@next\swc-linux-x64-gnu
184 silly reify mark deleted [
184 silly reify   'C:\\Users\\marco\\Desktop\\api-node\\test\\node_modules\\@next\\swc-linux-x64-gnu'
184 silly reify ]
185 verbose reify failed optional dependency C:\Users\marco\Desktop\api-node\test\node_modules\@next\swc-linux-arm64-musl
186 silly reify mark deleted [
186 silly reify   'C:\\Users\\marco\\Desktop\\api-node\\test\\node_modules\\@next\\swc-linux-arm64-musl'
186 silly reify ]
187 verbose reify failed optional dependency C:\Users\marco\Desktop\api-node\test\node_modules\@next\swc-linux-arm64-gnu
188 silly reify mark deleted [
188 silly reify   'C:\\Users\\marco\\Desktop\\api-node\\test\\node_modules\\@next\\swc-linux-arm64-gnu'
188 silly reify ]
189 verbose reify failed optional dependency C:\Users\marco\Desktop\api-node\test\node_modules\@next\swc-darwin-x64
190 silly reify mark deleted [
190 silly reify   'C:\\Users\\marco\\Desktop\\api-node\\test\\node_modules\\@next\\swc-darwin-x64'
190 silly reify ]
191 verbose reify failed optional dependency C:\Users\marco\Desktop\api-node\test\node_modules\@next\swc-darwin-arm64
192 silly reify mark deleted [
192 silly reify   'C:\\Users\\marco\\Desktop\\api-node\\test\\node_modules\\@next\\swc-darwin-arm64'
192 silly reify ]
193 timing reifyNode:node_modules/@next/swc-win32-ia32-msvc Completed in 14ms
194 timing reifyNode:node_modules/@next/swc-win32-arm64-msvc Completed in 14ms
195 timing reifyNode:node_modules/@next/swc-linux-x64-musl Completed in 15ms
196 timing reifyNode:node_modules/@next/swc-linux-x64-gnu Completed in 15ms
197 timing reifyNode:node_modules/@next/swc-linux-arm64-musl Completed in 15ms
198 timing reifyNode:node_modules/@next/swc-linux-arm64-gnu Completed in 15ms
199 timing reifyNode:node_modules/@next/swc-darwin-x64 Completed in 15ms
200 timing reifyNode:node_modules/@next/swc-darwin-arm64 Completed in 15ms
201 silly tarball no local data for glob-to-regexp@https://registry.npmjs.org/glob-to-regexp/-/glob-to-regexp-0.4.1.tgz. Extracting by manifest.
202 silly tarball no local data for graceful-fs@https://registry.npmjs.org/graceful-fs/-/graceful-fs-4.2.11.tgz. Extracting by manifest.
203 silly tarball no local data for client-only@https://registry.npmjs.org/client-only/-/client-only-0.0.1.tgz. Extracting by manifest.
204 silly tarball no local data for scheduler@https://registry.npmjs.org/scheduler/-/scheduler-0.23.0.tgz. Extracting by manifest.
205 silly tarball no local data for js-tokens@https://registry.npmjs.org/js-tokens/-/js-tokens-4.0.0.tgz. Extracting by manifest.
206 silly tarball no local data for source-map-js@https://registry.npmjs.org/source-map-js/-/source-map-js-1.0.2.tgz. Extracting by manifest.
207 silly tarball no local data for picocolors@https://registry.npmjs.org/picocolors/-/picocolors-1.0.0.tgz. Extracting by manifest.
208 silly tarball no local data for nanoid@https://registry.npmjs.org/nanoid/-/nanoid-3.3.6.tgz. Extracting by manifest.
209 silly tarball no local data for loose-envify@https://registry.npmjs.org/loose-envify/-/loose-envify-1.4.0.tgz. Extracting by manifest.
210 silly tarball no local data for streamsearch@https://registry.npmjs.org/streamsearch/-/streamsearch-1.1.0.tgz. Extracting by manifest.
211 silly tarball no local data for styled-jsx@https://registry.npmjs.org/styled-jsx/-/styled-jsx-5.1.1.tgz. Extracting by manifest.
212 silly tarball no local data for zod@https://registry.npmjs.org/zod/-/zod-3.21.4.tgz. Extracting by manifest.
213 silly tarball no local data for watchpack@https://registry.npmjs.org/watchpack/-/watchpack-2.4.0.tgz. Extracting by manifest.
214 silly tarball no local data for tslib@https://registry.npmjs.org/tslib/-/tslib-2.6.2.tgz. Extracting by manifest.
215 silly tarball no local data for postcss@https://registry.npmjs.org/postcss/-/postcss-8.4.14.tgz. Extracting by manifest.
216 silly tarball no local data for busboy@https://registry.npmjs.org/busboy/-/busboy-1.6.0.tgz. Extracting by manifest.
217 silly tarball no local data for caniuse-lite@https://registry.npmjs.org/caniuse-lite/-/caniuse-lite-1.0.30001541.tgz. Extracting by manifest.
218 silly tarball no local data for @next/env@https://registry.npmjs.org/@next/env/-/env-13.5.3.tgz. Extracting by manifest.
219 silly tarball no local data for react-dom@https://registry.npmjs.org/react-dom/-/react-dom-18.2.0.tgz. Extracting by manifest.
220 silly tarball no local data for @next/swc-win32-x64-msvc@https://registry.npmjs.org/@next/swc-win32-x64-msvc/-/swc-win32-x64-msvc-13.5.3.tgz. Extracting by manifest.
221 silly tarball no local data for next@https://registry.npmjs.org/next/-/next-13.5.3.tgz. Extracting by manifest.
222 silly tarball no local data for react@https://registry.npmjs.org/react/-/react-18.2.0.tgz. Extracting by manifest.
223 silly tarball no local data for @swc/helpers@https://registry.npmjs.org/@swc/helpers/-/helpers-0.5.2.tgz. Extracting by manifest.
224 http fetch GET 200 https://registry.npmjs.org/nanoid/-/nanoid-3.3.6.tgz 346ms (cache miss)
225 http fetch GET 200 https://registry.npmjs.org/graceful-fs/-/graceful-fs-4.2.11.tgz 355ms (cache miss)
226 http fetch GET 200 https://registry.npmjs.org/picocolors/-/picocolors-1.0.0.tgz 352ms (cache miss)
227 http fetch GET 200 https://registry.npmjs.org/js-tokens/-/js-tokens-4.0.0.tgz 355ms (cache miss)
228 http fetch GET 200 https://registry.npmjs.org/client-only/-/client-only-0.0.1.tgz 359ms (cache miss)
229 timing reifyNode:node_modules/client-only Completed in 395ms
230 http fetch GET 200 https://registry.npmjs.org/glob-to-regexp/-/glob-to-regexp-0.4.1.tgz 365ms (cache miss)
231 http fetch GET 200 https://registry.npmjs.org/streamsearch/-/streamsearch-1.1.0.tgz 356ms (cache miss)
232 http fetch GET 200 https://registry.npmjs.org/loose-envify/-/loose-envify-1.4.0.tgz 360ms (cache miss)
233 http fetch GET 200 https://registry.npmjs.org/watchpack/-/watchpack-2.4.0.tgz 359ms (cache miss)
234 timing reifyNode:node_modules/js-tokens Completed in 406ms
235 timing reifyNode:node_modules/glob-to-regexp Completed in 413ms
236 timing reifyNode:node_modules/picocolors Completed in 436ms
237 timing reifyNode:node_modules/graceful-fs Completed in 448ms
238 timing reifyNode:node_modules/loose-envify Completed in 458ms
239 timing reifyNode:node_modules/streamsearch Completed in 467ms
240 timing reifyNode:node_modules/watchpack Completed in 477ms
241 http fetch GET 200 https://registry.npmjs.org/tslib/-/tslib-2.6.2.tgz 497ms (cache miss)
242 timing reifyNode:node_modules/tslib Completed in 554ms
243 http fetch GET 200 https://registry.npmjs.org/scheduler/-/scheduler-0.23.0.tgz 537ms (cache miss)
244 timing reifyNode:node_modules/scheduler Completed in 586ms
245 http fetch GET 200 https://registry.npmjs.org/source-map-js/-/source-map-js-1.0.2.tgz 554ms (cache miss)
246 timing reifyNode:node_modules/source-map-js Completed in 614ms
247 timing reifyNode:node_modules/nanoid Completed in 758ms
248 http fetch GET 200 https://registry.npmjs.org/busboy/-/busboy-1.6.0.tgz 770ms (cache miss)
249 timing reifyNode:node_modules/busboy Completed in 824ms
250 http fetch POST 200 https://registry.npmjs.org/-/npm/v1/security/advisories/bulk 831ms
251 timing auditReport:getReport Completed in 835ms
252 silly audit report {}
253 timing auditReport:init Completed in 0ms
254 timing reify:audit Completed in 837ms
255 http fetch GET 200 https://registry.npmjs.org/styled-jsx/-/styled-jsx-5.1.1.tgz 975ms (cache miss)
256 http fetch GET 200 https://registry.npmjs.org/react/-/react-18.2.0.tgz 965ms (cache miss)
257 timing reifyNode:node_modules/styled-jsx Completed in 1025ms
258 timing reifyNode:node_modules/react Completed in 1029ms
259 http fetch GET 200 https://registry.npmjs.org/@next/env/-/env-13.5.3.tgz 1214ms (cache miss)
260 timing reifyNode:node_modules/@next/env Completed in 1266ms
261 http fetch GET 200 https://registry.npmjs.org/zod/-/zod-3.21.4.tgz 1239ms (cache miss)
262 timing reifyNode:node_modules/zod Completed in 1286ms
263 http fetch GET 200 https://registry.npmjs.org/postcss/-/postcss-8.4.14.tgz 1241ms (cache miss)
264 timing reifyNode:node_modules/postcss Completed in 1290ms
265 http fetch GET 200 https://registry.npmjs.org/react-dom/-/react-dom-18.2.0.tgz 1333ms (cache miss)
266 timing reifyNode:node_modules/react-dom Completed in 1387ms
267 http fetch GET 200 https://registry.npmjs.org/@swc/helpers/-/helpers-0.5.2.tgz 2243ms (cache miss)
268 timing reifyNode:node_modules/@swc/helpers Completed in 2302ms
269 http fetch GET 200 https://registry.npmjs.org/caniuse-lite/-/caniuse-lite-1.0.30001541.tgz 3494ms (cache miss)
270 timing reifyNode:node_modules/caniuse-lite Completed in 3545ms
271 http fetch GET 200 https://registry.npmjs.org/@next/swc-win32-x64-msvc/-/swc-win32-x64-msvc-13.5.3.tgz 14421ms (cache miss)
272 timing reifyNode:node_modules/@next/swc-win32-x64-msvc Completed in 14473ms
273 http fetch GET 200 https://registry.npmjs.org/next/-/next-13.5.3.tgz 18950ms (cache miss)
274 timing reifyNode:node_modules/next Completed in 19003ms
275 timing reify:unpack Completed in 19006ms
276 timing reify:unretire Completed in 0ms
277 timing build:queue Completed in 2ms
278 timing build:link:node_modules/loose-envify Completed in 17ms
279 timing build:link:node_modules/nanoid Completed in 15ms
280 timing build:link:node_modules/next Completed in 15ms
281 timing build:link Completed in 17ms
282 timing build:deps Completed in 20ms
283 timing build Completed in 20ms
284 timing reify:build Completed in 21ms
285 timing reify:trash Completed in 2ms
286 timing reify:save Completed in 19ms
287 timing reify Completed in 28894ms
288 silly ADD node_modules/graceful-fs
289 silly ADD node_modules/glob-to-regexp
290 silly ADD node_modules/client-only
291 silly ADD node_modules/scheduler
292 silly ADD node_modules/js-tokens
293 silly ADD node_modules/loose-envify
294 silly ADD node_modules/source-map-js
295 silly ADD node_modules/picocolors
296 silly ADD node_modules/nanoid
297 silly ADD node_modules/streamsearch
298 silly ADD node_modules/tslib
299 silly ADD node_modules/zod
300 silly ADD node_modules/watchpack
301 silly ADD node_modules/styled-jsx
302 silly ADD node_modules/postcss
303 silly ADD node_modules/caniuse-lite
304 silly ADD node_modules/busboy
305 silly ADD node_modules/@swc/helpers
306 silly ADD node_modules/@next/swc-win32-x64-msvc
307 silly ADD
308 silly ADD
309 silly ADD
310 silly ADD
311 silly ADD
312 silly ADD
313 silly ADD
314 silly ADD
315 silly ADD node_modules/@next/env
316 silly ADD node_modules/react-dom
317 silly ADD node_modules/react
318 silly ADD node_modules/next
319 timing command:install Completed in 28914ms
320 verbose exit 0
321 timing npm Completed in 29630ms
322 info ok
