0 verbose cli C:\Program Files\nodejs\node.exe C:\Program Files\nodejs\node_modules\npm\bin\npm-cli.js
1 info using npm@9.6.7
2 info using node@v18.17.1
3 timing npm:load:whichnode Completed in 9ms
4 timing config:load:defaults Completed in 7ms
5 timing config:load:file:C:\Program Files\nodejs\node_modules\npm\npmrc Completed in 13ms
6 timing config:load:builtin Completed in 14ms
7 timing config:load:cli Completed in 11ms
8 timing config:load:env Completed in 2ms
9 timing config:load:file:c:\Users\marco\Desktop\api-node\.npmrc Completed in 1ms
10 timing config:load:project Completed in 23ms
11 timing config:load:file:C:\Users\marco\.npmrc Completed in 4ms
12 timing config:load:user Completed in 4ms
13 timing config:load:file:C:\Program Files\nodejs\etc\npmrc Completed in 1ms
14 timing config:load:global Completed in 1ms
15 timing config:load:setEnvs Completed in 8ms
16 timing config:load Completed in 79ms
17 timing npm:load:configload Completed in 79ms
18 timing npm:load:mkdirpcache Completed in 8ms
19 timing npm:load:mkdirplogs Completed in 1ms
20 verbose title npm view react-dom description dist-tags.latest homepage version time
21 verbose argv "view" "--json" "--" "react-dom" "description" "dist-tags.latest" "homepage" "version" "time"
22 timing npm:load:setTitle Completed in 25ms
23 timing config:load:flatten Completed in 19ms
24 timing npm:load:display Completed in 24ms
25 verbose logfile logs-max:10 dir:C:\Users\marco\Desktop\api-node\UsersmarcoAppDataRoamingnpm\_logs\2023-09-28T23_38_09_838Z-
26 verbose logfile C:\Users\marco\Desktop\api-node\UsersmarcoAppDataRoamingnpm\_logs\2023-09-28T23_38_09_838Z-debug-0.log
27 timing npm:load:logFile Completed in 85ms
28 timing npm:load:timers Completed in 1ms
29 timing npm:load:configScope Completed in 3ms
30 timing npm:load Completed in 239ms
31 silly logfile done cleaning log files
32 http fetch GET 200 https://registry.npmjs.org/react-dom 916ms (cache miss)
33 timing command:view Completed in 1205ms
34 verbose exit 0
35 timing npm Completed in 2462ms
36 info ok
