0 verbose cli C:\Program Files\nodejs\node.exe C:\Program Files\nodejs\node_modules\npm\bin\npm-cli.js
1 info using npm@9.6.7
2 info using node@v18.17.1
3 timing npm:load:whichnode Completed in 4ms
4 timing config:load:defaults Completed in 4ms
5 timing config:load:file:C:\Program Files\nodejs\node_modules\npm\npmrc Completed in 6ms
6 timing config:load:builtin Completed in 6ms
7 timing config:load:cli Completed in 2ms
8 timing config:load:env Completed in 1ms
9 timing config:load:file:C:\Users\marco\Desktop\api-node\.npmrc Completed in 1ms
10 timing config:load:project Completed in 3ms
11 timing config:load:file:C:\Users\marco\.npmrc Completed in 1ms
12 timing config:load:user Completed in 1ms
13 timing config:load:file:C:\Program Files\nodejs\etc\npmrc Completed in 0ms
14 timing config:load:global Completed in 0ms
15 timing config:load:setEnvs Completed in 2ms
16 timing config:load Completed in 20ms
17 timing npm:load:configload Completed in 20ms
18 timing npm:load:mkdirpcache Completed in 0ms
19 timing npm:load:mkdirplogs Completed in 1ms
20 verbose title npm install
21 verbose argv "install"
22 timing npm:load:setTitle Completed in 2ms
23 timing config:load:flatten Completed in 5ms
24 timing npm:load:display Completed in 6ms
25 verbose logfile logs-max:10 dir:C:\Users\marco\Desktop\api-node\UsersmarcoAppDataRoamingnpm\_logs\2023-09-28T23_39_23_639Z-
26 verbose logfile C:\Users\marco\Desktop\api-node\UsersmarcoAppDataRoamingnpm\_logs\2023-09-28T23_39_23_639Z-debug-0.log
27 timing npm:load:logFile Completed in 16ms
28 timing npm:load:timers Completed in 0ms
29 timing npm:load:configScope Completed in 0ms
30 timing npm:load Completed in 49ms
31 timing arborist:ctor Completed in 2ms
32 silly logfile start cleaning logs, removing 2 files
33 timing idealTree:init Completed in 69ms
34 timing idealTree:userRequests Completed in 0ms
35 silly idealTree buildDeps
36 silly fetch manifest next@13.4.19
37 verbose shrinkwrap failed to load node_modules/.package-lock.json out of date, updated: node_modules
38 silly logfile done cleaning log files
39 http fetch GET 200 https://registry.npmjs.org/next 1411ms (cache revalidated)
40 silly fetch manifest @opentelemetry/api@^1.1.0
41 http fetch GET 200 https://registry.npmjs.org/@opentelemetry%2fapi 413ms (cache revalidated)
42 silly fetch manifest react@latest
43 http fetch GET 200 https://registry.npmjs.org/react 158ms (cache revalidated)
44 silly fetch manifest react-dom@latest
45 http fetch GET 200 https://registry.npmjs.org/react-dom 160ms (cache revalidated)
46 silly fetch manifest sass@^1.3.0
47 http fetch GET 200 https://registry.npmjs.org/sass 149ms (cache revalidated)
48 silly placeDep ROOT next@13.4.19 REPLACE for: test@0.1.0 want: 13.4.19
49 silly fetch manifest @next/env@13.4.19
50 silly fetch manifest @swc/helpers@0.5.1
51 silly fetch manifest @next/swc-darwin-arm64@13.4.19
52 silly fetch manifest @next/swc-darwin-x64@13.4.19
53 silly fetch manifest @next/swc-linux-arm64-gnu@13.4.19
54 silly fetch manifest @next/swc-linux-arm64-musl@13.4.19
55 silly fetch manifest @next/swc-linux-x64-gnu@13.4.19
56 silly fetch manifest @next/swc-linux-x64-musl@13.4.19
57 silly fetch manifest @next/swc-win32-arm64-msvc@13.4.19
58 silly fetch manifest @next/swc-win32-ia32-msvc@13.4.19
59 silly fetch manifest @next/swc-win32-x64-msvc@13.4.19
60 http fetch GET 200 https://registry.npmjs.org/@swc%2fhelpers 326ms (cache revalidated)
61 http fetch GET 200 https://registry.npmjs.org/@next%2fenv 420ms (cache revalidated)
62 http fetch GET 200 https://registry.npmjs.org/@next%2fswc-darwin-arm64 507ms (cache revalidated)
63 http fetch GET 200 https://registry.npmjs.org/@next%2fswc-darwin-x64 578ms (cache revalidated)
64 http fetch GET 200 https://registry.npmjs.org/@next%2fswc-win32-ia32-msvc 602ms (cache revalidated)
65 http fetch GET 200 https://registry.npmjs.org/@next%2fswc-linux-arm64-musl 614ms (cache revalidated)
66 http fetch GET 200 https://registry.npmjs.org/@next%2fswc-linux-arm64-gnu 630ms (cache revalidated)
67 http fetch GET 200 https://registry.npmjs.org/@next%2fswc-linux-x64-musl 637ms (cache revalidated)
68 http fetch GET 200 https://registry.npmjs.org/@next%2fswc-win32-arm64-msvc 683ms (cache revalidated)
69 http fetch GET 200 https://registry.npmjs.org/@next%2fswc-win32-x64-msvc 2212ms (cache revalidated)
70 http fetch GET 200 https://registry.npmjs.org/@next%2fswc-linux-x64-gnu 2576ms (cache revalidated)
71 timing idealTree:#root Completed in 5173ms
72 silly placeDep ROOT @next/env@13.4.19 OK for: next@13.4.19 want: 13.4.19
73 silly placeDep ROOT @next/swc-darwin-arm64@13.4.19 OK for: next@13.4.19 want: 13.4.19
74 silly placeDep ROOT @next/swc-darwin-x64@13.4.19 OK for: next@13.4.19 want: 13.4.19
75 silly placeDep ROOT @next/swc-linux-arm64-gnu@13.4.19 OK for: next@13.4.19 want: 13.4.19
76 silly placeDep ROOT @next/swc-linux-arm64-musl@13.4.19 OK for: next@13.4.19 want: 13.4.19
77 silly placeDep ROOT @next/swc-linux-x64-gnu@13.4.19 OK for: next@13.4.19 want: 13.4.19
78 silly placeDep ROOT @next/swc-linux-x64-musl@13.4.19 OK for: next@13.4.19 want: 13.4.19
79 silly placeDep ROOT @next/swc-win32-arm64-msvc@13.4.19 OK for: next@13.4.19 want: 13.4.19
80 silly placeDep ROOT @next/swc-win32-ia32-msvc@13.4.19 OK for: next@13.4.19 want: 13.4.19
81 silly placeDep ROOT @next/swc-win32-x64-msvc@13.4.19 OK for: next@13.4.19 want: 13.4.19
82 silly placeDep ROOT @swc/helpers@0.5.1 OK for: next@13.4.19 want: 0.5.1
83 silly fetch manifest tslib@^2.4.0
84 http fetch GET 200 https://registry.npmjs.org/tslib 128ms (cache revalidated)
85 timing idealTree:node_modules/next Completed in 160ms
86 timing idealTree:node_modules/@next/env Completed in 0ms
87 timing idealTree:node_modules/@next/swc-darwin-arm64 Completed in 0ms
88 timing idealTree:node_modules/@next/swc-darwin-x64 Completed in 0ms
89 timing idealTree:node_modules/@next/swc-linux-arm64-gnu Completed in 0ms
90 timing idealTree:node_modules/@next/swc-linux-arm64-musl Completed in 0ms
91 timing idealTree:node_modules/@next/swc-linux-x64-gnu Completed in 0ms
92 timing idealTree:node_modules/@next/swc-linux-x64-musl Completed in 1ms
93 timing idealTree:node_modules/@next/swc-win32-arm64-msvc Completed in 0ms
94 timing idealTree:node_modules/@next/swc-win32-ia32-msvc Completed in 0ms
95 timing idealTree:node_modules/@next/swc-win32-x64-msvc Completed in 0ms
96 silly placeDep ROOT tslib@2.6.2 OK for: @swc/helpers@0.5.1 want: ^2.4.0
97 timing idealTree:node_modules/@swc/helpers Completed in 3ms
98 timing idealTree:node_modules/tslib Completed in 0ms
99 timing idealTree:buildDeps Completed in 5341ms
100 timing idealTree:fixDepFlags Completed in 1ms
101 timing idealTree Completed in 5417ms
102 timing reify:loadTrees Completed in 5418ms
103 timing reify:diffTrees Completed in 10ms
104 silly reify mark retired [
104 silly reify   'C:\\Users\\marco\\Desktop\\api-node\\node_modules\\next',
104 silly reify   'C:\\Users\\marco\\Desktop\\api-node\\node_modules\\.bin\\next',
104 silly reify   'C:\\Users\\marco\\Desktop\\api-node\\node_modules\\.bin\\next.cmd',
104 silly reify   'C:\\Users\\marco\\Desktop\\api-node\\node_modules\\.bin\\next.ps1'
104 silly reify ]
105 silly reify mark retired [
105 silly reify   'C:\\Users\\marco\\Desktop\\api-node\\node_modules\\@next\\swc-win32-x64-msvc'
105 silly reify ]
106 silly reify mark retired [ 'C:\\Users\\marco\\Desktop\\api-node\\node_modules\\@next\\env' ]
107 silly reify mark retired [ 'C:\\Users\\marco\\Desktop\\api-node\\node_modules\\@swc\\helpers' ]
108 silly reify moves {
108 silly reify   'C:\\Users\\marco\\Desktop\\api-node\\node_modules\\next': 'C:\\Users\\marco\\Desktop\\api-node\\node_modules\\.next-FElre7qA',
108 silly reify   'C:\\Users\\marco\\Desktop\\api-node\\node_modules\\.bin\\next': 'C:\\Users\\marco\\Desktop\\api-node\\node_modules\\.bin\\.next-vEJYZxhk',
108 silly reify   'C:\\Users\\marco\\Desktop\\api-node\\node_modules\\.bin\\next.cmd': 'C:\\Users\\marco\\Desktop\\api-node\\node_modules\\.bin\\.next.cmd-kjuABq22',
108 silly reify   'C:\\Users\\marco\\Desktop\\api-node\\node_modules\\.bin\\next.ps1': 'C:\\Users\\marco\\Desktop\\api-node\\node_modules\\.bin\\.next.ps1-vtOOsWZ6',
108 silly reify   'C:\\Users\\marco\\Desktop\\api-node\\node_modules\\@next\\swc-win32-x64-msvc': 'C:\\Users\\marco\\Desktop\\api-node\\node_modules\\@next\\.swc-win32-x64-msvc-FnSTDpun',
108 silly reify   'C:\\Users\\marco\\Desktop\\api-node\\node_modules\\@next\\env': 'C:\\Users\\marco\\Desktop\\api-node\\node_modules\\@next\\.env-CKqOSU3a',
108 silly reify   'C:\\Users\\marco\\Desktop\\api-node\\node_modules\\@swc\\helpers': 'C:\\Users\\marco\\Desktop\\api-node\\node_modules\\@swc\\.helpers-g2jBD0eA'
108 silly reify }
109 timing reify:retireShallow Completed in 33ms
110 timing reify:createSparse Completed in 3ms
111 timing reify:loadBundles Completed in 0ms
112 silly audit bulk request {
112 silly audit   busboy: [ '1.6.0' ],
112 silly audit   'caniuse-lite': [ '1.0.30001541' ],
112 silly audit   'client-only': [ '0.0.1' ],
112 silly audit   'glob-to-regexp': [ '0.4.1' ],
112 silly audit   'graceful-fs': [ '4.2.11' ],
112 silly audit   'js-tokens': [ '4.0.0' ],
112 silly audit   'loose-envify': [ '1.4.0' ],
112 silly audit   nanoid: [ '3.3.6' ],
112 silly audit   picocolors: [ '1.0.0' ],
112 silly audit   postcss: [ '8.4.14' ],
112 silly audit   react: [ '18.2.0' ],
112 silly audit   'react-dom': [ '18.2.0' ],
112 silly audit   scheduler: [ '0.23.0' ],
112 silly audit   'source-map-js': [ '1.0.2' ],
112 silly audit   streamsearch: [ '1.1.0' ],
112 silly audit   'styled-jsx': [ '5.1.1' ],
112 silly audit   watchpack: [ '2.4.0' ],
112 silly audit   zod: [ '3.21.4' ],
112 silly audit   next: [ '13.4.19' ],
112 silly audit   '@next/env': [ '13.4.19' ],
112 silly audit   '@next/swc-darwin-arm64': [ '13.4.19' ],
112 silly audit   '@next/swc-darwin-x64': [ '13.4.19' ],
112 silly audit   '@next/swc-linux-arm64-gnu': [ '13.4.19' ],
112 silly audit   '@next/swc-linux-arm64-musl': [ '13.4.19' ],
112 silly audit   '@next/swc-linux-x64-gnu': [ '13.4.19' ],
112 silly audit   '@next/swc-linux-x64-musl': [ '13.4.19' ],
112 silly audit   '@next/swc-win32-arm64-msvc': [ '13.4.19' ],
112 silly audit   '@next/swc-win32-ia32-msvc': [ '13.4.19' ],
112 silly audit   '@next/swc-win32-x64-msvc': [ '13.4.19' ],
112 silly audit   '@swc/helpers': [ '0.5.1' ],
112 silly audit   tslib: [ '2.6.2' ]
112 silly audit }
113 verbose reify failed optional dependency C:\Users\marco\Desktop\api-node\node_modules\@next\swc-win32-ia32-msvc
114 silly reify mark deleted [
114 silly reify   'C:\\Users\\marco\\Desktop\\api-node\\node_modules\\@next\\swc-win32-ia32-msvc'
114 silly reify ]
115 verbose reify failed optional dependency C:\Users\marco\Desktop\api-node\node_modules\@next\swc-win32-arm64-msvc
116 silly reify mark deleted [
116 silly reify   'C:\\Users\\marco\\Desktop\\api-node\\node_modules\\@next\\swc-win32-arm64-msvc'
116 silly reify ]
117 verbose reify failed optional dependency C:\Users\marco\Desktop\api-node\node_modules\@next\swc-linux-x64-musl
118 silly reify mark deleted [
118 silly reify   'C:\\Users\\marco\\Desktop\\api-node\\node_modules\\@next\\swc-linux-x64-musl'
118 silly reify ]
119 verbose reify failed optional dependency C:\Users\marco\Desktop\api-node\node_modules\@next\swc-linux-x64-gnu
120 silly reify mark deleted [
120 silly reify   'C:\\Users\\marco\\Desktop\\api-node\\node_modules\\@next\\swc-linux-x64-gnu'
120 silly reify ]
121 verbose reify failed optional dependency C:\Users\marco\Desktop\api-node\node_modules\@next\swc-linux-arm64-musl
122 silly reify mark deleted [
122 silly reify   'C:\\Users\\marco\\Desktop\\api-node\\node_modules\\@next\\swc-linux-arm64-musl'
122 silly reify ]
123 verbose reify failed optional dependency C:\Users\marco\Desktop\api-node\node_modules\@next\swc-linux-arm64-gnu
124 silly reify mark deleted [
124 silly reify   'C:\\Users\\marco\\Desktop\\api-node\\node_modules\\@next\\swc-linux-arm64-gnu'
124 silly reify ]
125 verbose reify failed optional dependency C:\Users\marco\Desktop\api-node\node_modules\@next\swc-darwin-x64
126 silly reify mark deleted [
126 silly reify   'C:\\Users\\marco\\Desktop\\api-node\\node_modules\\@next\\swc-darwin-x64'
126 silly reify ]
127 verbose reify failed optional dependency C:\Users\marco\Desktop\api-node\node_modules\@next\swc-darwin-arm64
128 silly reify mark deleted [
128 silly reify   'C:\\Users\\marco\\Desktop\\api-node\\node_modules\\@next\\swc-darwin-arm64'
128 silly reify ]
129 timing reifyNode:node_modules/@next/swc-win32-ia32-msvc Completed in 15ms
130 timing reifyNode:node_modules/@next/swc-win32-arm64-msvc Completed in 14ms
131 timing reifyNode:node_modules/@next/swc-linux-x64-musl Completed in 15ms
132 timing reifyNode:node_modules/@next/swc-linux-x64-gnu Completed in 15ms
133 timing reifyNode:node_modules/@next/swc-linux-arm64-musl Completed in 15ms
134 timing reifyNode:node_modules/@next/swc-linux-arm64-gnu Completed in 14ms
135 timing reifyNode:node_modules/@next/swc-darwin-x64 Completed in 14ms
136 timing reifyNode:node_modules/@next/swc-darwin-arm64 Completed in 14ms
137 silly tarball no local data for @swc/helpers@https://registry.npmjs.org/@swc/helpers/-/helpers-0.5.1.tgz. Extracting by manifest.
138 silly tarball no local data for @next/env@https://registry.npmjs.org/@next/env/-/env-13.4.19.tgz. Extracting by manifest.
139 silly tarball no local data for next@https://registry.npmjs.org/next/-/next-13.4.19.tgz. Extracting by manifest.
140 silly tarball no local data for @next/swc-win32-x64-msvc@https://registry.npmjs.org/@next/swc-win32-x64-msvc/-/swc-win32-x64-msvc-13.4.19.tgz. Extracting by manifest.
141 http fetch POST 200 https://registry.npmjs.org/-/npm/v1/security/advisories/bulk 335ms
142 timing auditReport:getReport Completed in 339ms
143 silly audit report {}
144 timing auditReport:init Completed in 0ms
145 timing reify:audit Completed in 340ms
146 http fetch GET 200 https://registry.npmjs.org/@next/env/-/env-13.4.19.tgz 423ms (cache miss)
147 timing reifyNode:node_modules/@next/env Completed in 451ms
148 http fetch GET 200 https://registry.npmjs.org/@swc/helpers/-/helpers-0.5.1.tgz 2521ms (cache miss)
149 timing reifyNode:node_modules/@swc/helpers Completed in 2545ms
150 http fetch GET 200 https://registry.npmjs.org/@next/swc-win32-x64-msvc/-/swc-win32-x64-msvc-13.4.19.tgz 10399ms (cache miss)
151 timing reifyNode:node_modules/@next/swc-win32-x64-msvc Completed in 10426ms
152 http fetch GET 200 https://registry.npmjs.org/next/-/next-13.4.19.tgz 22659ms (cache miss)
153 timing reifyNode:node_modules/next Completed in 22684ms
154 timing reify:unpack Completed in 22686ms
155 timing reify:unretire Completed in 1ms
156 timing build:queue Completed in 1ms
157 timing build:link:node_modules/next Completed in 16ms
158 timing build:link Completed in 16ms
159 timing build:deps Completed in 19ms
160 timing build Completed in 20ms
161 timing reify:build Completed in 20ms
162 timing reify:trash Completed in 1487ms
163 timing reify:save Completed in 25ms
164 timing reify Completed in 29727ms
165 silly ADD
166 silly ADD
167 silly ADD
168 silly ADD
169 silly ADD
170 silly ADD
171 silly ADD
172 silly ADD
173 silly CHANGE node_modules/@swc/helpers
174 silly CHANGE node_modules/@next/env
175 silly CHANGE node_modules/@next/swc-win32-x64-msvc
176 silly CHANGE node_modules/next
177 timing command:install Completed in 29752ms
178 verbose exit 0
179 timing npm Completed in 30347ms
180 info ok
